       1 0.087098   0.00008760
       2 0.165138   0.00009240
       3 0.177988   0.00012859
       4 0.373701   0.00008166
       6 0.506060   0.00009046
       8 0.443922   0.00013749
      12 0.677455   0.00013514
      13 1.254153   0.00007908
      16 1.433041   0.00008518
      19 1.641435   0.00008831
      21 1.623622   0.00009868
      24 1.878748   0.00009746
      27 1.856687   0.00011095
      29 2.542701   0.00008701
      32 2.852791   0.00008558
      35 2.948069   0.00009058
      45 3.855495   0.00008905
      48 2.565485   0.00014275
      51 3.460989   0.00011242
      61 6.047917   0.00007695
      64 5.667222   0.00008616
      67 5.718927   0.00008938
      93 6.551944   0.00010829
      96 6.161412   0.00011887
      99 7.362943   0.00010258
     125 8.588924   0.00011104
     128 7.594930   0.00012858
     131 11.593807   0.00008621
     189 12.164725   0.00011854
     192 14.460103   0.00010130
     195 18.605923   0.00007996
     253 23.964452   0.00008055
     256 24.638853   0.00007927
     259 22.928392   0.00008618
     381 38.119652   0.00007625
     384 22.148326   0.00013228
     387 26.460531   0.00011158
     509 44.646314   0.00008698
     512 44.915697   0.00008697
     515 47.053095   0.00008350
     765 70.871155   0.00008235
     768 63.543352   0.00009221
     771 65.267337   0.00009013
    1021 86.968449   0.00008957
    1024 90.325367   0.00008649
    1027 75.401087   0.00010392
    1533 111.076958   0.00010530
    1536 120.565355   0.00009720
    1539 139.081417   0.00008442
    2045 220.275984   0.00007083
    2048 193.526401   0.00008074
    2051 137.814766   0.00011354
    3069 243.557320   0.00009614
    3072 194.019947   0.00012080
    3075 199.295527   0.00011772
    4093 306.343690   0.00010193
    4096 254.775275   0.00012266
    4099 266.964255   0.00011714
    6141 473.893277   0.00009887
    6144 455.418459   0.00010293
    6147 495.953954   0.00009456
    8189 706.180555   0.00008847
    8192 676.180989   0.00009243
    8195 568.954124   0.00010989
   12285 1023.319517   0.00009159
   12288 1051.031781   0.00008920
   12291 1020.480759   0.00009189
   16381 1343.180715   0.00009305
   16384 1355.894386   0.00009219
   16387 1346.791615   0.00009283
   24573 2017.135416   0.00009294
   24576 1955.284349   0.00009589
   24579 1932.391925   0.00009704
   32765 2055.155853   0.00012163
   32768 2083.505294   0.00011999
   32771 2522.208872   0.00009913
   49149 2554.276694   0.00014680
   49152 3254.947995   0.00011521
   49155 3049.803695   0.00012297
   65533 4503.686431   0.00011102
   65536 5425.087595   0.00009216
   65539 3131.259935   0.00015969
   98301 5727.032379   0.00013095
   98304 5777.434581   0.00012982
   98307 5828.229878   0.00012869
  131069 7201.168521   0.00013886
  131072 7658.342497   0.00013058
  131075 7358.562696   0.00013590
  196605 11636.193351   0.00012891
  196608 10052.749638   0.00014921
  196611 7660.768339   0.00019581
  262141 10469.627628   0.00019103
  262144 12591.523444   0.00015884
  262147 12229.226315   0.00016354
  393213 15658.186507   0.00019159
  393216 16396.643756   0.00018296
  393219 16127.602477   0.00018602
  524285 13125.858221   0.00030474
  524288 15692.115763   0.00025491
  524291 15008.458019   0.00026652
  786429 14440.671882   0.00041549
  786432 24472.041620   0.00024518
  786435 18408.106951   0.00032594
 1048573 15251.699043   0.00052453
 1048576 15188.318082   0.00052672
 1048579 17394.970506   0.00045990
 1572861 15611.882269   0.00076864
 1572864 19185.349124   0.00062548
 1572867 17974.896109   0.00066760
 2097149 13995.869896   0.00114319
 2097152 13188.278922   0.00121320
 2097155 13232.757222   0.00120912
 3145725 13493.219211   0.00177867
 3145728 15693.746598   0.00152927
 3145731 14152.701311   0.00169579
 4194301 12518.887832   0.00255614
 4194304 15969.345712   0.00200384
 4194307 13688.974062   0.00233765
 6291453 17806.374022   0.00269566
 6291456 18825.209202   0.00254977
 6291459 16589.791262   0.00289335
 8388605 13819.777595   0.00463104
 8388608 19337.640457   0.00330961
 8388611 19611.061200   0.00326347
